<?xml version="1.0" encoding="UTF-8"?>
<testsuite xmlns:xsi="http://www.w3.org/2001/XMLSchema-instance" xsi:noNamespaceSchemaLocation="https://maven.apache.org/surefire/maven-surefire-plugin/xsd/surefire-test-report-3.0.xsd" version="3.0" name="com.example.contactus.ContactusApplicationTests" time="3.745" tests="1" errors="0" skipped="0" failures="0">
  <properties>
[...]
</properties>
  <testcase name="contextLoads" classname="com.example.contactus.ContactusApplicationTests" time="0.309">
    <system-out><![CDATA[13:47:52.211 [main] INFO org.springframework.test.context.support.AnnotationConfigContextLoaderUtils -- Could not detect default configuration classes for test class [com.example.contactus.ContactusApplicationTests]: ContactusApplicationTests does not declare any static, non-private, non-final, nested classes annotated with @Configuration.
13:47:52.250 [main] INFO org.springframework.boot.test.context.SpringBootTestContextBootstrapper -- Found @SpringBootConfiguration com.example.contactus.ContactusApplication for test class com.example.contactus.ContactusApplicationTests

  .   ____          _            __ _ _
 /\\ / ___'_ __ _ _(_)_ __  __ _ \ \ \ \
( ( )\___ | '_ | '_| | '_ \/ _` | \ \ \ \
 \\/  ___)| |_)| | | | | || (_| |  ) ) ) )
  '  |____| .__|_| |_|_| |_\__, | / / / /
 =========|_|==============|___/=/_/_/_/
 :: Spring Boot ::                (v3.1.2)

2023-08-27T13:47:52.417-04:00  INFO 16641 --- [           main] c.e.contactus.ContactusApplicationTests  : Starting ContactusApplicationTests using Java 19.0.2 with PID 16641 (started by deepak in /Users/deepak/utd/projects/contactus)
2023-08-27T13:47:52.418-04:00  INFO 16641 --- [           main] c.e.contactus.ContactusApplicationTests  : No active profile set, falling back to 1 default profile: "default"
2023-08-27T13:47:52.691-04:00  INFO 16641 --- [           main] .s.d.r.c.RepositoryConfigurationDelegate : Bootstrapping Spring Data JPA repositories in DEFAULT mode.
2023-08-27T13:47:52.713-04:00  INFO 16641 --- [           main] .s.d.r.c.RepositoryConfigurationDelegate : Finished Spring Data repository scanning in 19 ms. Found 1 JPA repository interfaces.
2023-08-27T13:47:52.919-04:00  INFO 16641 --- [           main] o.hibernate.jpa.internal.util.LogHelper  : HHH000204: Processing PersistenceUnitInfo [name: default]
2023-08-27T13:47:52.940-04:00  INFO 16641 --- [           main] org.hibernate.Version                    : HHH000412: Hibernate ORM core version 6.2.6.Final
2023-08-27T13:47:52.941-04:00  INFO 16641 --- [           main] org.hibernate.cfg.Environment            : HHH000406: Using bytecode reflection optimizer
2023-08-27T13:47:52.991-04:00  INFO 16641 --- [           main] o.h.b.i.BytecodeProviderInitiator        : HHH000021: Bytecode provider name : bytebuddy
2023-08-27T13:47:53.047-04:00  INFO 16641 --- [           main] o.s.o.j.p.SpringPersistenceUnitInfo      : No LoadTimeWeaver setup: ignoring JPA class transformer
2023-08-27T13:47:53.054-04:00  INFO 16641 --- [           main] com.zaxxer.hikari.HikariDataSource       : HikariPool-1 - Starting...
2023-08-27T13:47:54.209-04:00  INFO 16641 --- [           main] com.zaxxer.hikari.pool.HikariPool        : HikariPool-1 - Added connection org.postgresql.jdbc.PgConnection@216f01
2023-08-27T13:47:54.211-04:00  INFO 16641 --- [           main] com.zaxxer.hikari.HikariDataSource       : HikariPool-1 - Start completed.
2023-08-27T13:47:54.607-04:00  INFO 16641 --- [           main] o.h.b.i.BytecodeProviderInitiator        : HHH000021: Bytecode provider name : bytebuddy
2023-08-27T13:47:54.836-04:00  INFO 16641 --- [           main] o.h.e.t.j.p.i.JtaPlatformInitiator       : HHH000490: Using JtaPlatform implementation: [org.hibernate.engine.transaction.jta.platform.internal.NoJtaPlatform]
2023-08-27T13:47:55.141-04:00  INFO 16641 --- [           main] j.LocalContainerEntityManagerFactoryBean : Initialized JPA EntityManagerFactory for persistence unit 'default'
2023-08-27T13:47:55.384-04:00  WARN 16641 --- [           main] JpaBaseConfiguration$JpaWebConfiguration : spring.jpa.open-in-view is enabled by default. Therefore, database queries may be performed during view rendering. Explicitly configure spring.jpa.open-in-view to disable this warning
2023-08-27T13:47:55.562-04:00  INFO 16641 --- [           main] c.e.contactus.ContactusApplicationTests  : Started ContactusApplicationTests in 3.257 seconds (process running for 3.663)
]]></system-out>
  </testcase>
</testsuite>